# JRE version: OpenJDK Runtime Environment JBR-17.0.10+1-1087.17-jcef (17.0.10+1) (build 17.0.10+1-b1087.17)
# Java VM: OpenJDK 64-Bit Server VM JBR-17.0.10+1-1087.17-jcef (17.0.10+1-b1087.17, mixed mode, tiered, compressed oops, compressed class ptrs, g1 gc, windows-amd64)
GC Precious Log:
 CPUs: 4 total, 4 available
 Memory: 16207M
 Large Page Support: Disabled
 NUMA Support: Disabled
 Compressed Oops: Enabled (32-bit)
 Heap Region Size: 1M
 Heap Min Capacity: 256M
 Heap Initial Capacity: 256M
 Heap Max Capacity: 512M
 Pre-touch: Disabled
 Parallel Workers: 4
 Concurrent Workers: 1
 Concurrent Refinement Workers: 4
 Periodic GC: Disabled
Heap:
 garbage-first heap   total 262144K, used 152391K [0x00000000e0000000, 0x0000000100000000)
  region size 1024K, 97 young (99328K), 20 survivors (20480K)
 Metaspace       used 83113K, committed 84032K, reserved 458752K
  class space    used 11459K, committed 11904K, reserved 327680K
GC Heap History (20 events):
Event: 1.655 GC heap before
{Heap before GC invocations=1 (full 0):
 garbage-first heap   total 262144K, used 22824K [0x00000000e0000000, 0x0000000100000000)
  region size 1024K, 17 young (17408K), 2 survivors (2048K)
 Metaspace       used 11386K, committed 11584K, reserved 393216K
  class space    used 1199K, committed 1280K, reserved 327680K
}
Event: 1.661 GC heap after
{Heap after GC invocations=2 (full 0):
 garbage-first heap   total 262144K, used 11050K [0x00000000e0000000, 0x0000000100000000)
  region size 1024K, 3 young (3072K), 3 survivors (3072K)
 Metaspace       used 11386K, committed 11584K, reserved 393216K
  class space    used 1199K, committed 1280K, reserved 327680K
}
Event: 2.023 GC heap before
{Heap before GC invocations=2 (full 0):
 garbage-first heap   total 262144K, used 33578K [0x00000000e0000000, 0x0000000100000000)
  region size 1024K, 26 young (26624K), 3 survivors (3072K)
 Metaspace       used 11503K, committed 11648K, reserved 393216K
  class space    used 1201K, committed 1280K, reserved 327680K
}
Event: 2.026 GC heap after
{Heap after GC invocations=3 (full 0):
 garbage-first heap   total 262144K, used 12242K [0x00000000e0000000, 0x0000000100000000)
  region size 1024K, 2 young (2048K), 2 survivors (2048K)
 Metaspace       used 11503K, committed 11648K, reserved 393216K
  class space    used 1201K, committed 1280K, reserved 327680K
}
Event: 3.690 GC heap before
{Heap before GC invocations=3 (full 0):
 garbage-first heap   total 262144K, used 56274K [0x00000000e0000000, 0x0000000100000000)
  region size 1024K, 45 young (46080K), 2 survivors (2048K)
 Metaspace       used 21296K, committed 21504K, reserved 393216K
  class space    used 2525K, committed 2624K, reserved 327680K
}
Event: 3.697 GC heap after
{Heap after GC invocations=4 (full 0):
 garbage-first heap   total 262144K, used 19033K [0x00000000e0000000, 0x0000000100000000)
  region size 1024K, 8 young (8192K), 8 survivors (8192K)
 Metaspace       used 21296K, committed 21504K, reserved 393216K
  class space    used 2525K, committed 2624K, reserved 327680K
}
Event: 4.749 GC heap before
{Heap before GC invocations=5 (full 0):
 garbage-first heap   total 262144K, used 71257K [0x00000000e0000000, 0x0000000100000000)
  region size 1024K, 60 young (61440K), 8 survivors (8192K)
 Metaspace       used 29068K, committed 29376K, reserved 393216K
  class space    used 3836K, committed 3968K, reserved 327680K
}
Event: 4.760 GC heap after
{Heap after GC invocations=6 (full 0):
 garbage-first heap   total 262144K, used 22573K [0x00000000e0000000, 0x0000000100000000)
  region size 1024K, 4 young (4096K), 4 survivors (4096K)
 Metaspace       used 29068K, committed 29376K, reserved 393216K
  class space    used 3836K, committed 3968K, reserved 327680K
}
Event: 31.854 GC heap before
{Heap before GC invocations=6 (full 0):
 garbage-first heap   total 262144K, used 29741K [0x00000000e0000000, 0x0000000100000000)
  region size 1024K, 12 young (12288K), 4 survivors (4096K)
 Metaspace       used 30379K, committed 30656K, reserved 393216K
  class space    used 4051K, committed 4160K, reserved 327680K
}
Event: 31.864 GC heap after
{Heap after GC invocations=7 (full 0):
 garbage-first heap   total 262144K, used 22791K [0x00000000e0000000, 0x0000000100000000)
  region size 1024K, 1 young (1024K), 1 survivors (1024K)
 Metaspace       used 30379K, committed 30656K, reserved 393216K
  class space    used 4051K, committed 4160K, reserved 327680K
}
Event: 33.303 GC heap before
{Heap before GC invocations=7 (full 0):
 garbage-first heap   total 262144K, used 63751K [0x00000000e0000000, 0x0000000100000000)
  region size 1024K, 42 young (43008K), 1 survivors (1024K)
 Metaspace       used 35807K, committed 36096K, reserved 393216K
  class space    used 4885K, committed 5056K, reserved 327680K
}
Event: 33.307 GC heap after
{Heap after GC invocations=8 (full 0):
 garbage-first heap   total 262144K, used 24108K [0x00000000e0000000, 0x0000000100000000)
  region size 1024K, 2 young (2048K), 2 survivors (2048K)
 Metaspace       used 35807K, committed 36096K, reserved 393216K
  class space    used 4885K, committed 5056K, reserved 327680K
}
Event: 39.796 GC heap before
{Heap before GC invocations=9 (full 0):
 garbage-first heap   total 262144K, used 184876K [0x00000000e0000000, 0x0000000100000000)
  region size 1024K, 153 young (156672K), 2 survivors (2048K)
 Metaspace       used 53909K, committed 54336K, reserved 393216K
  class space    used 7256K, committed 7424K, reserved 327680K
}
Event: 39.812 GC heap after
{Heap after GC invocations=10 (full 0):
 garbage-first heap   total 262144K, used 34906K [0x00000000e0000000, 0x0000000100000000)
  region size 1024K, 13 young (13312K), 13 survivors (13312K)
 Metaspace       used 53909K, committed 54336K, reserved 393216K
  class space    used 7256K, committed 7424K, reserved 327680K
}
Event: 41.516 GC heap before
{Heap before GC invocations=10 (full 0):
 garbage-first heap   total 262144K, used 103514K [0x00000000e0000000, 0x0000000100000000)
  region size 1024K, 76 young (77824K), 13 survivors (13312K)
 Metaspace       used 59786K, committed 60288K, reserved 393216K
  class space    used 8151K, committed 8384K, reserved 327680K
}
Event: 41.534 GC heap after
{Heap after GC invocations=11 (full 0):
 garbage-first heap   total 262144K, used 46654K [0x00000000e0000000, 0x0000000100000000)
  region size 1024K, 8 young (8192K), 8 survivors (8192K)
 Metaspace       used 59786K, committed 60288K, reserved 393216K
  class space    used 8151K, committed 8384K, reserved 327680K
}
Event: 43.643 GC heap before
{Heap before GC invocations=12 (full 0):
 garbage-first heap   total 262144K, used 193086K [0x00000000e0000000, 0x0000000100000000)
  region size 1024K, 148 young (151552K), 8 survivors (8192K)
 Metaspace       used 70774K, committed 71360K, reserved 393216K
  class space    used 9676K, committed 9920K, reserved 327680K
}
Event: 43.660 GC heap after
{Heap after GC invocations=13 (full 0):
 garbage-first heap   total 262144K, used 59524K [0x00000000e0000000, 0x0000000100000000)
  region size 1024K, 17 young (17408K), 17 survivors (17408K)
 Metaspace       used 70774K, committed 71360K, reserved 393216K
  class space    used 9676K, committed 9920K, reserved 327680K
}
Event: 46.711 GC heap before
{Heap before GC invocations=14 (full 0):
 garbage-first heap   total 262144K, used 197764K [0x00000000e0000000, 0x0000000100000000)
  region size 1024K, 153 young (156672K), 17 survivors (17408K)
 Metaspace       used 78406K, committed 79232K, reserved 458752K
  class space    used 10755K, committed 11136K, reserved 327680K
}
Event: 46.748 GC heap after
{Heap after GC invocations=15 (full 0):
 garbage-first heap   total 262144K, used 75591K [0x00000000e0000000, 0x0000000100000000)
  region size 1024K, 20 young (20480K), 20 survivors (20480K)
 Metaspace       used 78406K, committed 79232K, reserved 458752K
  class space    used 10755K, committed 11136K, reserved 327680K
}

